<?xml version="1.0" encoding="UTF-8"?>
<testsuites name="TS_LoginPage" time="4.408" tests="1" failures="0" errors="0">
   <testsuite name="TS_LoginPage" tests="1" failures="0" errors="0" time="4.408" skipped="0" timestamp="29-09-2024T15:02:08" hostname="LE552XR - XW5CG2063T3H.ey.net" id="Test Suites/TS_LoginPage">
      <properties>
         <property name="deviceName" value=""/>
         <property name="devicePlatform"/>
         <property name="logFolder" value="C:\\Users\\LE552XR\\git\\Katalon_EY_TestItems\\Reports\\20240929_150203\\TS_LoginPage\\20240929_150203"/>
         <property name="logFiles" value="C:\\Users\\LE552XR\\git\\Katalon_EY_TestItems\\Reports\\20240929_150203\\TS_LoginPage\\20240929_150203\\execution0.log"/>
         <property name="attachments" value=""/>
         <property name="hostName" value="LE552XR - XW5CG2063T3H.ey.net"/>
         <property name="os" value="Windows 10 64bit"/>
         <property name="katalonVersion" value="9.7.2.223"/>
         <property name="browser" value="Edge Chromium 129"/>
         <property name="hostAddress" value="192.168.1.100"/>
         <property name="sessionId" value="a9add74fa64e75c731a3c3e0f4e4be37"/>
         <property name="seleniumVersion" value="3.141.59"/>
         <property name="proxyInformation" value="ProxyInformation { proxyOption=NO_PROXY, proxyServerType=HTTP, username=, password=********, proxyServerAddress=, proxyServerPort=0, executionList=&quot;&quot;, isApplyToDesiredCapabilities=true }"/>
         <property name="platform" value="Windows 10"/>
      </properties>
      <testcase name="Test Cases/TC_LoginPage" time="4.128" classname="Test Cases/TC_LoginPage" status="PASSED">
         <system-out><![CDATA[29-09-2024T15:02:08 - [TEST_CASE][PASSED] - Test Cases/TC_LoginPage: Test Cases/TC_LoginPage

29-09-2024T15:02:09 - [TEST_STEP][PASSED] - openBrowser(""): Browser is opened with url: ''

29-09-2024T15:02:09 - [MESSAGE][INFO] - Starting 'Edge Chromium' driver

29-09-2024T15:02:09 - [MESSAGE][INFO] - Action delay is set to 0 milliseconds

29-09-2024T15:02:11 - [MESSAGE][PASSED] - Browser is opened with url: ''

29-09-2024T15:02:11 - [TEST_STEP][PASSED] - navigateToUrl("https://petstore.octoperf.com/"): Navigate to 'https://petstore.octoperf.com/' successfully

29-09-2024T15:02:12 - [MESSAGE][PASSED] - Navigate to 'https://petstore.octoperf.com/' successfully

29-09-2024T15:02:12 - [TEST_STEP][PASSED] - verifyElementPresent(findTestObject("Object Repository/LoginPage1/Page_JPetStore Demo/a_Enter the Store"), 0): Object 'Object Repository/LoginPage1/Page_JPetStore Demo/a_Enter the Store' is present

29-09-2024T15:02:12 - [MESSAGE][WARNING] - Timeout '0' is invalid. Using default page load timeout: '30'

29-09-2024T15:02:12 - [MESSAGE][PASSED] - Object 'Object Repository/LoginPage1/Page_JPetStore Demo/a_Enter the Store' is present

29-09-2024T15:02:12 - [TEST_STEP][PASSED] - closeBrowser(): Browser is closed

29-09-2024T15:02:13 - [MESSAGE][PASSED] - Browser is closed]]></system-out>
         <system-err><![CDATA[]]></system-err>
      </testcase>
      <system-out><![CDATA[29-09-2024T15:02:08 - [TEST_SUITE][PASSED] - TS_LoginPage: Test Cases/TC_LoginPage]]></system-out>
      <system-err><![CDATA[]]></system-err>
   </testsuite>
</testsuites>
